{"C:\\Users\\oasis\\workspace\\aiprojects\\GRAPHQL_PROFESSIONAL_WORK\\main\\utils\\graphql-client.ts": {"path":"C:\\Users\\oasis\\workspace\\aiprojects\\GRAPHQL_PROFESSIONAL_WORK\\main\\utils\\graphql-client.ts","statementMap":{"0":{"start":{"line":27,"column":4},"end":{"line":27,"column":29}},"1":{"start":{"line":28,"column":26},"end":{"line":30,"column":6}},"2":{"start":{"line":33,"column":4},"end":{"line":35,"column":5}},"3":{"start":{"line":34,"column":6},"end":{"line":34,"column":54}},"4":{"start":{"line":37,"column":4},"end":{"line":37,"column":74}},"5":{"start":{"line":58,"column":4},"end":{"line":62,"column":5}},"6":{"start":{"line":59,"column":6},"end":{"line":59,"column":60}},"7":{"start":{"line":61,"column":6},"end":{"line":61,"column":55}},"8":{"start":{"line":95,"column":4},"end":{"line":105,"column":5}},"9":{"start":{"line":96,"column":23},"end":{"line":96,"column":72}},"10":{"start":{"line":99,"column":6},"end":{"line":99,"column":40}},"11":{"start":{"line":100,"column":6},"end":{"line":100,"column":105}},"12":{"start":{"line":102,"column":6},"end":{"line":102,"column":22}},"13":{"start":{"line":104,"column":6},"end":{"line":104,"column":55}},"14":{"start":{"line":128,"column":4},"end":{"line":130,"column":24}},"15":{"start":{"line":152,"column":22},"end":{"line":152,"column":39}},"16":{"start":{"line":154,"column":4},"end":{"line":167,"column":5}},"17":{"start":{"line":155,"column":19},"end":{"line":155,"column":58}},"18":{"start":{"line":156,"column":22},"end":{"line":156,"column":39}},"19":{"start":{"line":157,"column":28},"end":{"line":157,"column":73}},"20":{"start":{"line":159,"column":6},"end":{"line":159,"column":43}},"21":{"start":{"line":161,"column":22},"end":{"line":161,"column":39}},"22":{"start":{"line":162,"column":28},"end":{"line":162,"column":73}},"23":{"start":{"line":165,"column":28},"end":{"line":165,"column":70}},"24":{"start":{"line":166,"column":6},"end":{"line":166,"column":87}},"25":{"start":{"line":190,"column":4},"end":{"line":195,"column":5}},"26":{"start":{"line":191,"column":21},"end":{"line":191,"column":62}},"27":{"start":{"line":192,"column":6},"end":{"line":192,"column":46}},"28":{"start":{"line":192,"column":31},"end":{"line":192,"column":37}},"29":{"start":{"line":194,"column":6},"end":{"line":194,"column":65}},"30":{"start":{"line":217,"column":4},"end":{"line":217,"column":36}},"31":{"start":{"line":237,"column":4},"end":{"line":237,"column":58}},"32":{"start":{"line":246,"column":4},"end":{"line":246,"column":25}},"33":{"start":{"line":262,"column":4},"end":{"line":273,"column":5}},"34":{"start":{"line":263,"column":28},"end":{"line":265,"column":19}},"35":{"start":{"line":264,"column":25},"end":{"line":264,"column":34}},"36":{"start":{"line":267,"column":6},"end":{"line":272,"column":8}},"37":{"start":{"line":276,"column":4},"end":{"line":282,"column":5}},"38":{"start":{"line":277,"column":6},"end":{"line":281,"column":8}},"39":{"start":{"line":285,"column":26},"end":{"line":289,"column":null}},"40":{"start":{"line":291,"column":4},"end":{"line":291,"column":38}},"41":{"start":{"line":293,"column":4},"end":{"line":293,"column":25}},"42":{"start":{"line":318,"column":25},"end":{"line":318,"column":71}},"43":{"start":{"line":319,"column":2},"end":{"line":319,"column":34}}},"fnMap":{"0":{"name":"(anonymous_0)","decl":{"start":{"line":26,"column":2},"end":{"line":26,"column":14}},"loc":{"start":{"line":26,"column":80},"end":{"line":38,"column":3}}},"1":{"name":"(anonymous_1)","decl":{"start":{"line":54,"column":2},"end":{"line":54,"column":7}},"loc":{"start":{"line":56,"column":25},"end":{"line":63,"column":3}}},"2":{"name":"(anonymous_2)","decl":{"start":{"line":85,"column":2},"end":{"line":85,"column":7}},"loc":{"start":{"line":87,"column":25},"end":{"line":106,"column":3}}},"3":{"name":"(anonymous_3)","decl":{"start":{"line":124,"column":2},"end":{"line":124,"column":7}},"loc":{"start":{"line":126,"column":25},"end":{"line":131,"column":3}}},"4":{"name":"(anonymous_4)","decl":{"start":{"line":148,"column":2},"end":{"line":148,"column":7}},"loc":{"start":{"line":150,"column":25},"end":{"line":168,"column":3}}},"5":{"name":"(anonymous_5)","decl":{"start":{"line":187,"column":2},"end":{"line":187,"column":7}},"loc":{"start":{"line":188,"column":64},"end":{"line":196,"column":3}}},"6":{"name":"(anonymous_6)","decl":{"start":{"line":192,"column":24},"end":{"line":192,"column":25}},"loc":{"start":{"line":192,"column":31},"end":{"line":192,"column":37}}},"7":{"name":"(anonymous_7)","decl":{"start":{"line":216,"column":2},"end":{"line":216,"column":12}},"loc":{"start":{"line":216,"column":44},"end":{"line":218,"column":3}}},"8":{"name":"(anonymous_8)","decl":{"start":{"line":236,"column":2},"end":{"line":236,"column":14}},"loc":{"start":{"line":236,"column":28},"end":{"line":238,"column":3}}},"9":{"name":"(anonymous_9)","decl":{"start":{"line":245,"column":2},"end":{"line":245,"column":13}},"loc":{"start":{"line":245,"column":13},"end":{"line":247,"column":3}}},"10":{"name":"(anonymous_10)","decl":{"start":{"line":260,"column":10},"end":{"line":260,"column":22}},"loc":{"start":{"line":260,"column":71},"end":{"line":294,"column":3}}},"11":{"name":"(anonymous_11)","decl":{"start":{"line":264,"column":13},"end":{"line":264,"column":14}},"loc":{"start":{"line":264,"column":25},"end":{"line":264,"column":34}}},"12":{"name":"measureQueryPerformance","decl":{"start":{"line":313,"column":22},"end":{"line":313,"column":45}},"loc":{"start":{"line":316,"column":23},"end":{"line":320,"column":1}}}},"branchMap":{"0":{"loc":{"start":{"line":33,"column":4},"end":{"line":35,"column":5}},"type":"if","locations":[{"start":{"line":33,"column":4},"end":{"line":35,"column":5}},{"start":{},"end":{}}]},"1":{"loc":{"start":{"line":262,"column":4},"end":{"line":273,"column":5}},"type":"if","locations":[{"start":{"line":262,"column":4},"end":{"line":273,"column":5}},{"start":{},"end":{}}]},"2":{"loc":{"start":{"line":276,"column":4},"end":{"line":282,"column":5}},"type":"if","locations":[{"start":{"line":276,"column":4},"end":{"line":282,"column":5}},{"start":{},"end":{}}]}},"s":{"0":10,"1":10,"2":10,"3":0,"4":10,"5":39,"6":39,"7":0,"8":2,"9":2,"10":2,"11":2,"12":2,"13":0,"14":5,"15":6,"16":6,"17":6,"18":6,"19":6,"20":6,"21":0,"22":0,"23":0,"24":0,"25":0,"26":0,"27":0,"28":0,"29":0,"30":0,"31":0,"32":0,"33":0,"34":0,"35":0,"36":0,"37":0,"38":0,"39":0,"40":0,"41":0,"42":0,"43":0},"f":{"0":10,"1":39,"2":2,"3":5,"4":6,"5":0,"6":0,"7":0,"8":0,"9":0,"10":0,"11":0,"12":0},"b":{"0":[0,10],"1":[0,0],"2":[0,0]}}
,"C:\\Users\\oasis\\workspace\\aiprojects\\GRAPHQL_PROFESSIONAL_WORK\\main\\utils\\schema-introspection.ts": {"path":"C:\\Users\\oasis\\workspace\\aiprojects\\GRAPHQL_PROFESSIONAL_WORK\\main\\utils\\schema-introspection.ts","statementMap":{"0":{"start":{"line":62,"column":16},"end":{"line":70,"column":4}},"1":{"start":{"line":72,"column":15},"end":{"line":74,"column":11}},"2":{"start":{"line":76,"column":2},"end":{"line":78,"column":46}},"3":{"start":{"line":77,"column":16},"end":{"line":77,"column":22}},"4":{"start":{"line":78,"column":22},"end":{"line":78,"column":44}},"5":{"start":{"line":100,"column":16},"end":{"line":159,"column":4}},"6":{"start":{"line":161,"column":15},"end":{"line":200,"column":31}},"7":{"start":{"line":202,"column":2},"end":{"line":204,"column":3}},"8":{"start":{"line":203,"column":4},"end":{"line":203,"column":16}},"9":{"start":{"line":206,"column":25},"end":{"line":233,"column":3}},"10":{"start":{"line":207,"column":19},"end":{"line":207,"column":21}},"11":{"start":{"line":208,"column":21},"end":{"line":208,"column":26}},"12":{"start":{"line":209,"column":18},"end":{"line":209,"column":23}},"13":{"start":{"line":212,"column":18},"end":{"line":212,"column":25}},"14":{"start":{"line":213,"column":4},"end":{"line":224,"column":5}},"15":{"start":{"line":214,"column":6},"end":{"line":223,"column":7}},"16":{"start":{"line":215,"column":8},"end":{"line":215,"column":26}},"17":{"start":{"line":216,"column":8},"end":{"line":216,"column":33}},"18":{"start":{"line":217,"column":13},"end":{"line":223,"column":7}},"19":{"start":{"line":218,"column":8},"end":{"line":218,"column":23}},"20":{"start":{"line":219,"column":8},"end":{"line":219,"column":33}},"21":{"start":{"line":221,"column":8},"end":{"line":221,"column":45}},"22":{"start":{"line":222,"column":8},"end":{"line":222,"column":14}},"23":{"start":{"line":226,"column":4},"end":{"line":232,"column":6}},"24":{"start":{"line":235,"column":20},"end":{"line":253,"column":3}},"25":{"start":{"line":242,"column":4},"end":{"line":242,"column":29}},"26":{"start":{"line":242,"column":17},"end":{"line":242,"column":29}},"27":{"start":{"line":243,"column":4},"end":{"line":252,"column":7}},"28":{"start":{"line":244,"column":23},"end":{"line":244,"column":45}},"29":{"start":{"line":245,"column":6},"end":{"line":251,"column":8}},"30":{"start":{"line":255,"column":2},"end":{"line":262,"column":4}},"31":{"start":{"line":261,"column":51},"end":{"line":261,"column":57}},"32":{"start":{"line":284,"column":18},"end":{"line":284,"column":56}},"33":{"start":{"line":285,"column":2},"end":{"line":285,"column":36}},"34":{"start":{"line":285,"column":24},"end":{"line":285,"column":36}},"35":{"start":{"line":286,"column":2},"end":{"line":286,"column":43}},"36":{"start":{"line":286,"column":35},"end":{"line":286,"column":41}},"37":{"start":{"line":310,"column":18},"end":{"line":310,"column":56}},"38":{"start":{"line":311,"column":2},"end":{"line":311,"column":36}},"39":{"start":{"line":311,"column":24},"end":{"line":311,"column":36}},"40":{"start":{"line":312,"column":2},"end":{"line":312,"column":66}},"41":{"start":{"line":312,"column":36},"end":{"line":312,"column":56}},"42":{"start":{"line":329,"column":17},"end":{"line":329,"column":53}},"43":{"start":{"line":330,"column":2},"end":{"line":330,"column":22}},"44":{"start":{"line":347,"column":17},"end":{"line":347,"column":56}},"45":{"start":{"line":348,"column":2},"end":{"line":348,"column":22}},"46":{"start":{"line":366,"column":16},"end":{"line":366,"column":44}},"47":{"start":{"line":367,"column":2},"end":{"line":367,"column":34}},"48":{"start":{"line":385,"column":18},"end":{"line":385,"column":56}},"49":{"start":{"line":386,"column":2},"end":{"line":386,"column":31}}},"fnMap":{"0":{"name":"getSchemaTypes","decl":{"start":{"line":61,"column":22},"end":{"line":61,"column":36}},"loc":{"start":{"line":61,"column":62},"end":{"line":79,"column":1}}},"1":{"name":"(anonymous_1)","decl":{"start":{"line":77,"column":9},"end":{"line":77,"column":10}},"loc":{"start":{"line":77,"column":16},"end":{"line":77,"column":22}}},"2":{"name":"(anonymous_2)","decl":{"start":{"line":78,"column":12},"end":{"line":78,"column":13}},"loc":{"start":{"line":78,"column":22},"end":{"line":78,"column":44}}},"3":{"name":"getTypeDetails","decl":{"start":{"line":96,"column":22},"end":{"line":96,"column":36}},"loc":{"start":{"line":98,"column":18},"end":{"line":263,"column":1}}},"4":{"name":"(anonymous_4)","decl":{"start":{"line":206,"column":25},"end":{"line":206,"column":26}},"loc":{"start":{"line":206,"column":53},"end":{"line":233,"column":3}}},"5":{"name":"(anonymous_5)","decl":{"start":{"line":235,"column":20},"end":{"line":235,"column":null}},"loc":{"start":{"line":241,"column":26},"end":{"line":253,"column":3}}},"6":{"name":"(anonymous_6)","decl":{"start":{"line":243,"column":22},"end":{"line":243,"column":23}},"loc":{"start":{"line":243,"column":28},"end":{"line":252,"column":5}}},"7":{"name":"(anonymous_7)","decl":{"start":{"line":261,"column":44},"end":{"line":261,"column":45}},"loc":{"start":{"line":261,"column":51},"end":{"line":261,"column":57}}},"8":{"name":"getTypeFields","decl":{"start":{"line":280,"column":22},"end":{"line":280,"column":35}},"loc":{"start":{"line":282,"column":18},"end":{"line":287,"column":1}}},"9":{"name":"(anonymous_9)","decl":{"start":{"line":286,"column":28},"end":{"line":286,"column":29}},"loc":{"start":{"line":286,"column":35},"end":{"line":286,"column":41}}},"10":{"name":"getFieldInfo","decl":{"start":{"line":305,"column":22},"end":{"line":305,"column":34}},"loc":{"start":{"line":308,"column":19},"end":{"line":313,"column":1}}},"11":{"name":"(anonymous_11)","decl":{"start":{"line":312,"column":29},"end":{"line":312,"column":30}},"loc":{"start":{"line":312,"column":36},"end":{"line":312,"column":56}}},"12":{"name":"getAvailableQueries","decl":{"start":{"line":328,"column":22},"end":{"line":328,"column":41}},"loc":{"start":{"line":328,"column":67},"end":{"line":331,"column":1}}},"13":{"name":"getAvailableMutations","decl":{"start":{"line":346,"column":22},"end":{"line":346,"column":43}},"loc":{"start":{"line":346,"column":69},"end":{"line":349,"column":1}}},"14":{"name":"typeExists","decl":{"start":{"line":362,"column":22},"end":{"line":362,"column":32}},"loc":{"start":{"line":364,"column":18},"end":{"line":368,"column":1}}},"15":{"name":"getTypeKind","decl":{"start":{"line":381,"column":22},"end":{"line":381,"column":33}},"loc":{"start":{"line":383,"column":18},"end":{"line":387,"column":1}}}},"branchMap":{"0":{"loc":{"start":{"line":202,"column":2},"end":{"line":204,"column":3}},"type":"if","locations":[{"start":{"line":202,"column":2},"end":{"line":204,"column":3}},{"start":{},"end":{}}]},"1":{"loc":{"start":{"line":214,"column":6},"end":{"line":223,"column":7}},"type":"if","locations":[{"start":{"line":214,"column":6},"end":{"line":223,"column":7}},{"start":{"line":217,"column":13},"end":{"line":223,"column":7}}]},"2":{"loc":{"start":{"line":217,"column":13},"end":{"line":223,"column":7}},"type":"if","locations":[{"start":{"line":217,"column":13},"end":{"line":223,"column":7}},{"start":{"line":220,"column":13},"end":{"line":223,"column":7}}]},"3":{"loc":{"start":{"line":221,"column":19},"end":{"line":221,"column":44}},"type":"binary-expr","locations":[{"start":{"line":221,"column":19},"end":{"line":221,"column":31}},{"start":{"line":221,"column":35},"end":{"line":221,"column":44}}]},"4":{"loc":{"start":{"line":242,"column":4},"end":{"line":242,"column":29}},"type":"if","locations":[{"start":{"line":242,"column":4},"end":{"line":242,"column":29}},{"start":{},"end":{}}]},"5":{"loc":{"start":{"line":261,"column":16},"end":{"line":261,"column":66}},"type":"binary-expr","locations":[{"start":{"line":261,"column":16},"end":{"line":261,"column":58}},{"start":{"line":261,"column":62},"end":{"line":261,"column":66}}]},"6":{"loc":{"start":{"line":285,"column":2},"end":{"line":285,"column":36}},"type":"if","locations":[{"start":{"line":285,"column":2},"end":{"line":285,"column":36}},{"start":{},"end":{}}]},"7":{"loc":{"start":{"line":311,"column":2},"end":{"line":311,"column":36}},"type":"if","locations":[{"start":{"line":311,"column":2},"end":{"line":311,"column":36}},{"start":{},"end":{}}]},"8":{"loc":{"start":{"line":312,"column":9},"end":{"line":312,"column":65}},"type":"binary-expr","locations":[{"start":{"line":312,"column":9},"end":{"line":312,"column":57}},{"start":{"line":312,"column":61},"end":{"line":312,"column":65}}]},"9":{"loc":{"start":{"line":330,"column":9},"end":{"line":330,"column":21}},"type":"binary-expr","locations":[{"start":{"line":330,"column":9},"end":{"line":330,"column":15}},{"start":{"line":330,"column":19},"end":{"line":330,"column":21}}]},"10":{"loc":{"start":{"line":348,"column":9},"end":{"line":348,"column":21}},"type":"binary-expr","locations":[{"start":{"line":348,"column":9},"end":{"line":348,"column":15}},{"start":{"line":348,"column":19},"end":{"line":348,"column":21}}]},"11":{"loc":{"start":{"line":386,"column":9},"end":{"line":386,"column":30}},"type":"binary-expr","locations":[{"start":{"line":386,"column":9},"end":{"line":386,"column":22}},{"start":{"line":386,"column":26},"end":{"line":386,"column":30}}]}},"s":{"0":2,"1":2,"2":2,"3":131,"4":131,"5":11,"6":11,"7":11,"8":0,"9":11,"10":130,"11":130,"12":130,"13":130,"14":130,"15":201,"16":40,"17":40,"18":161,"19":31,"20":31,"21":130,"22":130,"23":130,"24":11,"25":22,"26":11,"27":11,"28":130,"29":130,"30":11,"31":0,"32":0,"33":0,"34":0,"35":0,"36":0,"37":0,"38":0,"39":0,"40":0,"41":0,"42":0,"43":0,"44":0,"45":0,"46":0,"47":0,"48":0,"49":0},"f":{"0":2,"1":131,"2":131,"3":11,"4":130,"5":22,"6":130,"7":0,"8":0,"9":0,"10":0,"11":0,"12":0,"13":0,"14":0,"15":0},"b":{"0":[0,11],"1":[40,161],"2":[31,130],"3":[130,0],"4":[11,11],"5":[11,11],"6":[0,0],"7":[0,0],"8":[0,0],"9":[0,0],"10":[0,0],"11":[0,0]}}
}
