TN:
SF:utils\graphql-client.ts
FN:26,(anonymous_0)
FN:54,(anonymous_1)
FN:85,(anonymous_2)
FN:124,(anonymous_3)
FN:148,(anonymous_4)
FN:187,(anonymous_5)
FN:192,(anonymous_6)
FN:216,(anonymous_7)
FN:236,(anonymous_8)
FN:245,(anonymous_9)
FN:260,(anonymous_10)
FN:264,(anonymous_11)
FN:313,measureQueryPerformance
FNF:13
FNH:5
FNDA:10,(anonymous_0)
FNDA:39,(anonymous_1)
FNDA:2,(anonymous_2)
FNDA:5,(anonymous_3)
FNDA:6,(anonymous_4)
FNDA:0,(anonymous_5)
FNDA:0,(anonymous_6)
FNDA:0,(anonymous_7)
FNDA:0,(anonymous_8)
FNDA:0,(anonymous_9)
FNDA:0,(anonymous_10)
FNDA:0,(anonymous_11)
FNDA:0,measureQueryPerformance
DA:27,10
DA:28,10
DA:33,10
DA:34,0
DA:37,10
DA:58,39
DA:59,39
DA:61,0
DA:95,2
DA:96,2
DA:99,2
DA:100,2
DA:102,2
DA:104,0
DA:128,5
DA:152,6
DA:154,6
DA:155,6
DA:156,6
DA:157,6
DA:159,6
DA:161,0
DA:162,0
DA:165,0
DA:166,0
DA:190,0
DA:191,0
DA:192,0
DA:194,0
DA:217,0
DA:237,0
DA:246,0
DA:262,0
DA:263,0
DA:264,0
DA:267,0
DA:276,0
DA:277,0
DA:285,0
DA:291,0
DA:293,0
DA:318,0
DA:319,0
LF:43
LH:18
BRDA:33,0,0,0
BRDA:33,0,1,10
BRDA:262,1,0,0
BRDA:262,1,1,0
BRDA:276,2,0,0
BRDA:276,2,1,0
BRF:6
BRH:1
end_of_record
TN:
SF:utils\schema-introspection.ts
FN:61,getSchemaTypes
FN:77,(anonymous_1)
FN:78,(anonymous_2)
FN:96,getTypeDetails
FN:206,(anonymous_4)
FN:235,(anonymous_5)
FN:243,(anonymous_6)
FN:261,(anonymous_7)
FN:280,getTypeFields
FN:286,(anonymous_9)
FN:305,getFieldInfo
FN:312,(anonymous_11)
FN:328,getAvailableQueries
FN:346,getAvailableMutations
FN:362,typeExists
FN:381,getTypeKind
FNF:16
FNH:7
FNDA:2,getSchemaTypes
FNDA:131,(anonymous_1)
FNDA:131,(anonymous_2)
FNDA:11,getTypeDetails
FNDA:130,(anonymous_4)
FNDA:22,(anonymous_5)
FNDA:130,(anonymous_6)
FNDA:0,(anonymous_7)
FNDA:0,getTypeFields
FNDA:0,(anonymous_9)
FNDA:0,getFieldInfo
FNDA:0,(anonymous_11)
FNDA:0,getAvailableQueries
FNDA:0,getAvailableMutations
FNDA:0,typeExists
FNDA:0,getTypeKind
DA:62,2
DA:72,2
DA:76,2
DA:77,131
DA:78,131
DA:100,11
DA:161,11
DA:202,11
DA:203,0
DA:206,11
DA:207,130
DA:208,130
DA:209,130
DA:212,130
DA:213,130
DA:214,201
DA:215,40
DA:216,40
DA:217,161
DA:218,31
DA:219,31
DA:221,130
DA:222,130
DA:226,130
DA:235,11
DA:242,22
DA:243,11
DA:244,130
DA:245,130
DA:255,11
DA:261,0
DA:284,0
DA:285,0
DA:286,0
DA:310,0
DA:311,0
DA:312,0
DA:329,0
DA:330,0
DA:347,0
DA:348,0
DA:366,0
DA:367,0
DA:385,0
DA:386,0
LF:45
LH:29
BRDA:202,0,0,0
BRDA:202,0,1,11
BRDA:214,1,0,40
BRDA:214,1,1,161
BRDA:217,2,0,31
BRDA:217,2,1,130
BRDA:221,3,0,130
BRDA:221,3,1,0
BRDA:242,4,0,11
BRDA:242,4,1,11
BRDA:261,5,0,11
BRDA:261,5,1,11
BRDA:285,6,0,0
BRDA:285,6,1,0
BRDA:311,7,0,0
BRDA:311,7,1,0
BRDA:312,8,0,0
BRDA:312,8,1,0
BRDA:330,9,0,0
BRDA:330,9,1,0
BRDA:348,10,0,0
BRDA:348,10,1,0
BRDA:386,11,0,0
BRDA:386,11,1,0
BRF:24
BRH:10
end_of_record
